[debug] [2022-01-22T06:21:11.604Z] ----------------------------------------------------------------------
[debug] [2022-01-22T06:21:11.606Z] Command:       C:\Program Files\nodejs\node.exe C:\Users\ninek\AppData\Roaming\npm\node_modules\firebase-tools\lib\bin\firebase.js deploy
[debug] [2022-01-22T06:21:11.606Z] CLI Version:   10.1.1
[debug] [2022-01-22T06:21:11.607Z] Platform:      win32
[debug] [2022-01-22T06:21:11.607Z] Node Version:  v16.13.2
[debug] [2022-01-22T06:21:11.607Z] Time:          Sat Jan 22 2022 13:21:11 GMT+0700 (Indochina Time)
[debug] [2022-01-22T06:21:11.608Z] ----------------------------------------------------------------------
[debug] 
[debug] [2022-01-22T06:21:11.653Z] > command requires scopes: ["email","openid","https://www.googleapis.com/auth/cloudplatformprojects.readonly","https://www.googleapis.com/auth/firebase","https://www.googleapis.com/auth/cloud-platform"]
[debug] [2022-01-22T06:21:11.654Z] > authorizing via signed-in user (spectrum.rhealward@gmail.com)
[debug] [2022-01-22T06:21:11.654Z] [iam] checking project spectrum-e220b for permissions ["firebase.projects.get","firebasehosting.sites.update"]
[debug] [2022-01-22T06:21:11.655Z] > refreshing access token with scopes: ["email","https://www.googleapis.com/auth/cloud-platform","https://www.googleapis.com/auth/cloudplatformprojects.readonly","https://www.googleapis.com/auth/firebase","openid"]
[debug] [2022-01-22T06:21:11.656Z] >>> HTTP REQUEST POST https://www.googleapis.com/oauth2/v3/token  
 <request body omitted>
[debug] [2022-01-22T06:21:11.869Z] <<< HTTP RESPONSE 200 {"date":"Sat, 22 Jan 2022 06:21:15 GMT","expires":"Mon, 01 Jan 1990 00:00:00 GMT","cache-control":"no-cache, no-store, max-age=0, must-revalidate","pragma":"no-cache","content-type":"application/json; charset=utf-8","vary":"X-Origin, Referer, Origin,Accept-Encoding","server":"scaffolding on HTTPServer2","x-xss-protection":"0","x-frame-options":"SAMEORIGIN","x-content-type-options":"nosniff","alt-svc":"h3=\":443\"; ma=2592000,h3-29=\":443\"; ma=2592000,h3-Q050=\":443\"; ma=2592000,h3-Q046=\":443\"; ma=2592000,h3-Q043=\":443\"; ma=2592000,quic=\":443\"; ma=2592000; v=\"46,43\"","accept-ranges":"none","transfer-encoding":"chunked"}
[debug] [2022-01-22T06:21:11.877Z] >>> HTTP REQUEST POST https://cloudresourcemanager.googleapis.com/v1/projects/spectrum-e220b:testIamPermissions  
 {"permissions":["firebase.projects.get","firebasehosting.sites.update"]}
[debug] [2022-01-22T06:21:13.103Z] <<< HTTP RESPONSE 200 {"content-type":"application/json; charset=UTF-8","vary":"X-Origin, Referer, Origin,Accept-Encoding","date":"Sat, 22 Jan 2022 06:21:16 GMT","server":"ESF","cache-control":"private","x-xss-protection":"0","x-frame-options":"SAMEORIGIN","x-content-type-options":"nosniff","server-timing":"gfet4t7; dur=1021","alt-svc":"h3=\":443\"; ma=2592000,h3-29=\":443\"; ma=2592000,h3-Q050=\":443\"; ma=2592000,h3-Q046=\":443\"; ma=2592000,h3-Q043=\":443\"; ma=2592000,quic=\":443\"; ma=2592000; v=\"46,43\"","accept-ranges":"none","transfer-encoding":"chunked"}
[debug] [2022-01-22T06:21:13.105Z] > refreshing access token with scopes: []
[debug] [2022-01-22T06:21:13.105Z] >>> HTTP REQUEST POST https://www.googleapis.com/oauth2/v3/token  
 <request body omitted>
[debug] [2022-01-22T06:21:13.304Z] <<< HTTP RESPONSE 200 {"cache-control":"no-cache, no-store, max-age=0, must-revalidate","expires":"Mon, 01 Jan 1990 00:00:00 GMT","date":"Sat, 22 Jan 2022 06:21:16 GMT","pragma":"no-cache","content-type":"application/json; charset=utf-8","vary":"X-Origin, Referer, Origin,Accept-Encoding","server":"scaffolding on HTTPServer2","x-xss-protection":"0","x-frame-options":"SAMEORIGIN","x-content-type-options":"nosniff","alt-svc":"h3=\":443\"; ma=2592000,h3-29=\":443\"; ma=2592000,h3-Q050=\":443\"; ma=2592000,h3-Q046=\":443\"; ma=2592000,h3-Q043=\":443\"; ma=2592000,quic=\":443\"; ma=2592000; v=\"46,43\"","accept-ranges":"none","transfer-encoding":"chunked"}
[debug] [2022-01-22T06:21:13.312Z] >>> [apiv2][query] GET https://firebase.googleapis.com/v1beta1/projects/spectrum-e220b [none]
